<?xml version="1.0" encoding="UTF-8"?>
<!-- Generated by org.testng.reporters.JUnitXMLReporter -->
<testsuite ignored="0" hostname="Tonnies-MBP" failures="1" tests="1" name="Surefire test" time="12.658" errors="0" timestamp="2022-11-29T15:54:28 EST">
  <testcase classname="io.cucumber.testng.AbstractTestNGCucumberTests" name="runScenario" time="11.998">
    <failure type="java.lang.AssertionError" message="expected [Ulta Beauty | Official Site - Makeup, Hair Care, Skin Care, Fragrance, Bath &amp;amp; Gifts] but found [Samsung US | Mobile | TV | Home Electronics | Home Appliances | Samsung US]">
      <![CDATA[java.lang.AssertionError: expected [Ulta Beauty | Official Site - Makeup, Hair Care, Skin Care, Fragrance, Bath & Gifts] but found [Samsung US | Mobile | TV | Home Electronics | Home Appliances | Samsung US]
at pageObject.createaccount_page.verifySamsunhomepageTitle(createaccount_page.java:75)
at stepDef.createacc_stepDef.iAmAtSamsungHomePage(createacc_stepDef.java:23)
at âœ½.i am at Samsung Home page(file:///Users/tonniekhaleque/Documents/GitHub/Samsung/src/test/java/features/Createaccount.feature:4)
... Removed 6 stack frames]]>
    </failure>
  </testcase> <!-- runScenario -->
</testsuite> <!-- Surefire test -->
