<?xml version="1.0" encoding="UTF-8"?>
<testng-results ignored="0" total="1" passed="0" failed="1" skipped="0">
  <reporter-output>
  </reporter-output>
  <suite started-at="2022-11-29T15:54:15 EST" name="Surefire suite" finished-at="2022-11-29T15:54:28 EST" duration-ms="12658">
    <groups>
      <group name="cucumber">
        <method signature="AbstractTestNGCucumberTests.runScenario(io.cucumber.testng.PickleWrapper, io.cucumber.testng.FeatureWrapper)[pri:0, instance:TestRunner@12405818]" name="runScenario" class="io.cucumber.testng.AbstractTestNGCucumberTests"/>
      </group> <!-- cucumber -->
    </groups>
    <test started-at="2022-11-29T15:54:15 EST" name="Surefire test" finished-at="2022-11-29T15:54:28 EST" duration-ms="12658">
      <class name="TestRunner">
        <test-method is-config="true" signature="setUpClass()[pri:0, instance:TestRunner@12405818]" started-at="2022-11-29T15:54:15 EST" name="setUpClass" finished-at="2022-11-29T15:54:16 EST" duration-ms="423" status="PASS">
          <reporter-output>
          </reporter-output>
        </test-method> <!-- setUpClass -->
        <test-method signature="runScenario(io.cucumber.testng.PickleWrapper, io.cucumber.testng.FeatureWrapper)[pri:0, instance:TestRunner@12405818]" started-at="2022-11-29T15:54:16 EST" name="runScenario" description="Runs Cucumber Scenarios" data-provider="scenarios" finished-at="2022-11-29T15:54:28 EST" duration-ms="11998" status="FAIL">
          <params>
            <param index="0">
              <value>
                <![CDATA[""]]>
              </value>
            </param>
            <param index="1">
              <value>
                <![CDATA["Optional[Create Account]"]]>
              </value>
            </param>
          </params>
          <exception class="java.lang.AssertionError">
            <message>
              <![CDATA[expected [Ulta Beauty | Official Site - Makeup, Hair Care, Skin Care, Fragrance, Bath & Gifts] but found [Samsung US | Mobile | TV | Home Electronics | Home Appliances | Samsung US]]]>
            </message>
            <full-stacktrace>
              <![CDATA[java.lang.AssertionError: expected [Ulta Beauty | Official Site - Makeup, Hair Care, Skin Care, Fragrance, Bath & Gifts] but found [Samsung US | Mobile | TV | Home Electronics | Home Appliances | Samsung US]
at org.testng.Assert.fail(Assert.java:99)
at org.testng.Assert.failNotEquals(Assert.java:1037)
at org.testng.Assert.assertEqualsImpl(Assert.java:140)
at org.testng.Assert.assertEquals(Assert.java:122)
at org.testng.Assert.assertEquals(Assert.java:629)
at org.testng.Assert.assertEquals(Assert.java:639)
at pageObject.createaccount_page.verifySamsunhomepageTitle(createaccount_page.java:75)
at stepDef.createacc_stepDef.iAmAtSamsungHomePage(createacc_stepDef.java:23)
at âœ½.i am at Samsung Home page(file:///Users/tonniekhaleque/Documents/GitHub/Samsung/src/test/java/features/Createaccount.feature:4)
]]>
            </full-stacktrace>
          </exception> <!-- java.lang.AssertionError -->
          <reporter-output>
          </reporter-output>
        </test-method> <!-- runScenario -->
        <test-method is-config="true" signature="tearDownClass()[pri:0, instance:TestRunner@12405818]" started-at="2022-11-29T15:54:28 EST" name="tearDownClass" finished-at="2022-11-29T15:54:28 EST" duration-ms="200" status="PASS">
          <reporter-output>
          </reporter-output>
        </test-method> <!-- tearDownClass -->
      </class> <!-- TestRunner -->
    </test> <!-- Surefire test -->
  </suite> <!-- Surefire suite -->
</testng-results>
