<?xml version="1.0" encoding="UTF-8"?>
<!-- Generated by org.testng.reporters.JUnitReportReporter -->
<testsuite hostname="Tonnies-MBP" failures="1" tests="1" name="TestRunner" time="11.998" errors="0" timestamp="2022-11-29T15:54:28 EST" skipped="0">
  <testcase classname="TestRunner" name="runScenario" time="11.998">
    <failure message="expected [Ulta Beauty | Official Site - Makeup, Hair Care, Skin Care, Fragrance, Bath &amp; Gifts] but found [Samsung US | Mobile | TV | Home Electronics | Home Appliances | Samsung US]" type="java.lang.AssertionError">
      <![CDATA[java.lang.AssertionError: expected [Ulta Beauty | Official Site - Makeup, Hair Care, Skin Care, Fragrance, Bath & Gifts] but found [Samsung US | Mobile | TV | Home Electronics | Home Appliances | Samsung US]
at org.testng.Assert.fail(Assert.java:99)
at org.testng.Assert.failNotEquals(Assert.java:1037)
at org.testng.Assert.assertEqualsImpl(Assert.java:140)
at org.testng.Assert.assertEquals(Assert.java:122)
at org.testng.Assert.assertEquals(Assert.java:629)
at org.testng.Assert.assertEquals(Assert.java:639)
at pageObject.createaccount_page.verifySamsunhomepageTitle(createaccount_page.java:75)
at stepDef.createacc_stepDef.iAmAtSamsungHomePage(createacc_stepDef.java:23)
at âœ½.i am at Samsung Home page(file:///Users/tonniekhaleque/Documents/GitHub/Samsung/src/test/java/features/Createaccount.feature:4)
]]>
    </failure>
  </testcase> <!-- runScenario -->
  <system-out/>
</testsuite> <!-- TestRunner -->
